<?xml version="1.0" encoding="UTF-8"?>
<robot generator="Robot 5.0.1 (Python 3.10.6 on linux)" generated="20220915 23:18:24.603" rpa="false" schemaversion="3">
<suite id="s1" name="Edvora-Register-Test" source="/home/lelouch/Documents/neogcamp/EdvoraAutomationTest/edvora-register-test.robot">
<test id="s1-t1" name="Open Edvora Page" line="7">
<kw name="Comment" library="BuiltIn">
<arg>Chrome should open up with Edvora Test assessment website</arg>
<doc>Displays the given messages in the log file as keyword arguments.</doc>
<status status="PASS" starttime="20220915 23:18:25.124" endtime="20220915 23:18:25.124"/>
</kw>
<kw name="Open Browser" library="SeleniumLibrary">
<arg>https://testing-assessment-foh15kew9-edvora.vercel.app/</arg>
<arg>chrome</arg>
<doc>Opens a new browser instance to the optional ``url``.</doc>
<msg timestamp="20220915 23:18:25.125" level="INFO">Opening browser 'chrome' to base url 'https://testing-assessment-foh15kew9-edvora.vercel.app/'.</msg>
<status status="PASS" starttime="20220915 23:18:25.125" endtime="20220915 23:18:26.787"/>
</kw>
<kw name="Set Selenium Speed" library="SeleniumLibrary">
<arg>2 seconds</arg>
<doc>Sets the delay that is waited after each Selenium command.</doc>
<status status="PASS" starttime="20220915 23:18:26.788" endtime="20220915 23:18:26.788"/>
</kw>
<status status="PASS" starttime="20220915 23:18:25.122" endtime="20220915 23:18:26.789"/>
</test>
<test id="s1-t2" name="Button To register a new User should pe present" line="12">
<kw name="Comment" library="BuiltIn">
<arg>User should have a button to press &amp; register a new account</arg>
<doc>Displays the given messages in the log file as keyword arguments.</doc>
<status status="PASS" starttime="20220915 23:18:26.791" endtime="20220915 23:18:26.791"/>
</kw>
<kw name="Page Should Contain Button" library="SeleniumLibrary">
<arg>//button[@class="chakra-button css-d509a4"]</arg>
<doc>Verifies button ``locator`` is found from current page.</doc>
<msg timestamp="20220915 23:18:36.859" level="INFO">Current page contains button '//button[@class="chakra-button css-d509a4"]'.</msg>
<status status="PASS" starttime="20220915 23:18:26.791" endtime="20220915 23:18:36.859"/>
</kw>
<status status="PASS" starttime="20220915 23:18:26.790" endtime="20220915 23:18:36.860"/>
</test>
<test id="s1-t3" name="Button to Register should be Clickable" line="16">
<kw name="Comment" library="BuiltIn">
<arg>User should be able to click the SignIn Button to register a new user</arg>
<doc>Displays the given messages in the log file as keyword arguments.</doc>
<status status="PASS" starttime="20220915 23:18:36.862" endtime="20220915 23:18:36.862"/>
</kw>
<kw name="Click Button" library="SeleniumLibrary">
<arg>//button[@class="chakra-button css-d509a4"]</arg>
<doc>Clicks the button identified by ``locator``.</doc>
<msg timestamp="20220915 23:18:36.863" level="INFO">Clicking button '//button[@class="chakra-button css-d509a4"]'.</msg>
<status status="PASS" starttime="20220915 23:18:36.863" endtime="20220915 23:18:46.978"/>
</kw>
<status status="PASS" starttime="20220915 23:18:36.861" endtime="20220915 23:18:46.979"/>
</test>
<test id="s1-t4" name="Validate username Field" line="20">
<kw name="Comment" library="BuiltIn">
<arg>User should be able to enter the desired username in the Username entry field</arg>
<doc>Displays the given messages in the log file as keyword arguments.</doc>
<status status="PASS" starttime="20220915 23:18:46.981" endtime="20220915 23:18:46.981"/>
</kw>
<kw name="Click Element" library="SeleniumLibrary">
<arg>//div[@class="chakra-input__group css-b61uh7"]</arg>
<doc>Click the element identified by ``locator``.</doc>
<msg timestamp="20220915 23:18:46.982" level="INFO">Clicking element '//div[@class="chakra-input__group css-b61uh7"]'.</msg>
<status status="PASS" starttime="20220915 23:18:46.981" endtime="20220915 23:18:51.062"/>
</kw>
<kw name="Page Should Contain Element" library="SeleniumLibrary">
<arg>//input[@class="chakra-input css-y572l6"][@autocomplete="username"]</arg>
<doc>Verifies that element ``locator`` is found on the current page.</doc>
<msg timestamp="20220915 23:18:53.085" level="INFO">Current page contains element '//input[@class="chakra-input css-y572l6"][@autocomplete="username"]'.</msg>
<status status="PASS" starttime="20220915 23:18:51.063" endtime="20220915 23:18:53.086"/>
</kw>
<kw name="Input Text" library="SeleniumLibrary">
<arg>//input[@class="chakra-input css-y572l6"][@autocomplete="username"]</arg>
<arg>testa</arg>
<doc>Types the given ``text`` into the text field identified by ``locator``.</doc>
<msg timestamp="20220915 23:18:53.087" level="INFO">Typing text 'testa' into text field '//input[@class="chakra-input css-y572l6"][@autocomplete="username"]'.</msg>
<status status="PASS" starttime="20220915 23:18:53.086" endtime="20220915 23:18:59.236"/>
</kw>
<status status="PASS" starttime="20220915 23:18:46.980" endtime="20220915 23:18:59.237"/>
</test>
<test id="s1-t5" name="Validate password field" line="27">
<kw name="Comment" library="BuiltIn">
<arg>User should be able to enter password in the password field</arg>
<doc>Displays the given messages in the log file as keyword arguments.</doc>
<status status="PASS" starttime="20220915 23:18:59.239" endtime="20220915 23:18:59.239"/>
</kw>
<kw name="Page Should Contain Element" library="SeleniumLibrary">
<arg>//input[@class="chakra-input css-y572l6"][@autocomplete="current-password"]</arg>
<doc>Verifies that element ``locator`` is found on the current page.</doc>
<msg timestamp="20220915 23:19:01.264" level="INFO">Current page contains element '//input[@class="chakra-input css-y572l6"][@autocomplete="current-password"]'.</msg>
<status status="PASS" starttime="20220915 23:18:59.239" endtime="20220915 23:19:01.264"/>
</kw>
<kw name="Input Password" library="SeleniumLibrary">
<arg>//input[@class="chakra-input css-y572l6"][@autocomplete="current-password"]</arg>
<arg>testp</arg>
<doc>Types the given password into the text field identified by ``locator``.</doc>
<msg timestamp="20220915 23:19:01.265" level="INFO">Typing password into text field '//input[@class="chakra-input css-y572l6"][@autocomplete="current-password"]'.</msg>
<msg timestamp="20220915 23:19:05.325" level="INFO">Temporally setting log level to: NONE</msg>
<msg timestamp="20220915 23:19:07.513" level="INFO">Log level changed from NONE to INFO.</msg>
<status status="PASS" starttime="20220915 23:19:01.264" endtime="20220915 23:19:07.513"/>
</kw>
<status status="PASS" starttime="20220915 23:18:59.238" endtime="20220915 23:19:07.514"/>
</test>
<test id="s1-t6" name="Validate Button to Create an account" line="33">
<kw name="Comment" library="BuiltIn">
<arg>User should be able to click the button to register a new account</arg>
<doc>Displays the given messages in the log file as keyword arguments.</doc>
<status status="PASS" starttime="20220915 23:19:07.516" endtime="20220915 23:19:07.516"/>
</kw>
<kw name="Click Button" library="SeleniumLibrary">
<arg>//button[@class="chakra-button css-8h0nsd"]</arg>
<doc>Clicks the button identified by ``locator``.</doc>
<msg timestamp="20220915 23:19:07.516" level="INFO">Clicking button '//button[@class="chakra-button css-8h0nsd"]'.</msg>
<status status="PASS" starttime="20220915 23:19:07.516" endtime="20220915 23:19:17.635"/>
</kw>
<status status="PASS" starttime="20220915 23:19:07.515" endtime="20220915 23:19:17.636"/>
</test>
<test id="s1-t7" name="Alert for successful Registration" line="37">
<kw name="Comment" library="BuiltIn">
<arg>User should be alerted for successful registration</arg>
<doc>Displays the given messages in the log file as keyword arguments.</doc>
<status status="PASS" starttime="20220915 23:19:17.638" endtime="20220915 23:19:17.638"/>
</kw>
<kw name="Alert Should Be Present" library="SeleniumLibrary">
<arg>Account sucessfully created.</arg>
<arg>ACCEPT</arg>
<doc>Verifies that an alert is present and by default, accepts it.</doc>
<msg timestamp="20220915 23:19:17.638" level="INFO">HANDLE::&lt;class 'NoneType'&gt;::None</msg>
<status status="PASS" starttime="20220915 23:19:17.638" endtime="20220915 23:19:25.681"/>
</kw>
<kw name="Sleep" library="BuiltIn">
<arg>5s</arg>
<doc>Pauses the test executed for the given time.</doc>
<msg timestamp="20220915 23:19:30.683" level="INFO">Slept 5 seconds</msg>
<status status="PASS" starttime="20220915 23:19:25.682" endtime="20220915 23:19:30.683"/>
</kw>
<kw name="Take Screenshot" library="Screenshot">
<arg>${OUTPUT_DIR}/successful-registration.png</arg>
<doc>Takes a screenshot in JPEG format and embeds it into the log file.</doc>
<msg timestamp="20220915 23:19:30.890" level="INFO" html="true">&lt;a href="successful-registration.png_1.jpg"&gt;&lt;img src="successful-registration.png_1.jpg" width="800px"&gt;&lt;/a&gt;</msg>
<status status="PASS" starttime="20220915 23:19:30.683" endtime="20220915 23:19:30.890"/>
</kw>
<kw name="Sleep" library="BuiltIn">
<arg>10s</arg>
<doc>Pauses the test executed for the given time.</doc>
<msg timestamp="20220915 23:19:40.891" level="INFO">Slept 10 seconds</msg>
<status status="PASS" starttime="20220915 23:19:30.890" endtime="20220915 23:19:40.891"/>
</kw>
<kw name="Close Browser" library="SeleniumLibrary">
<doc>Closes the current browser.</doc>
<status status="PASS" starttime="20220915 23:19:40.892" endtime="20220915 23:19:42.950"/>
</kw>
<status status="PASS" starttime="20220915 23:19:17.637" endtime="20220915 23:19:42.951"/>
</test>
<test id="s1-t8" name="Register using valid username &amp; empty password" line="45">
<kw name="Comment" library="BuiltIn">
<arg>User should not be able to register using valid username &amp; empty password</arg>
<doc>Displays the given messages in the log file as keyword arguments.</doc>
<status status="PASS" starttime="20220915 23:19:42.953" endtime="20220915 23:19:42.953"/>
</kw>
<kw name="Open Browser" library="SeleniumLibrary">
<arg>https://testing-assessment-foh15kew9-edvora.vercel.app/</arg>
<arg>chrome</arg>
<doc>Opens a new browser instance to the optional ``url``.</doc>
<msg timestamp="20220915 23:19:42.954" level="INFO">Opening browser 'chrome' to base url 'https://testing-assessment-foh15kew9-edvora.vercel.app/'.</msg>
<status status="PASS" starttime="20220915 23:19:42.954" endtime="20220915 23:19:46.522"/>
</kw>
<kw name="Set Selenium Speed" library="SeleniumLibrary">
<arg>2 seconds</arg>
<doc>Sets the delay that is waited after each Selenium command.</doc>
<status status="PASS" starttime="20220915 23:19:46.522" endtime="20220915 23:19:46.523"/>
</kw>
<kw name="Click Button" library="SeleniumLibrary">
<arg>//button[@class="chakra-button css-d509a4"]</arg>
<doc>Clicks the button identified by ``locator``.</doc>
<msg timestamp="20220915 23:19:46.524" level="INFO">Clicking button '//button[@class="chakra-button css-d509a4"]'.</msg>
<status status="PASS" starttime="20220915 23:19:46.523" endtime="20220915 23:19:56.661"/>
</kw>
<kw name="Sleep" library="BuiltIn">
<arg>5s</arg>
<doc>Pauses the test executed for the given time.</doc>
<msg timestamp="20220915 23:20:01.662" level="INFO">Slept 5 seconds</msg>
<status status="PASS" starttime="20220915 23:19:56.661" endtime="20220915 23:20:01.662"/>
</kw>
<kw name="Input Text" library="SeleniumLibrary">
<arg>//input[@class="chakra-input css-y572l6"][@autocomplete="username"]</arg>
<arg>testa</arg>
<doc>Types the given ``text`` into the text field identified by ``locator``.</doc>
<msg timestamp="20220915 23:20:01.663" level="INFO">Typing text 'testa' into text field '//input[@class="chakra-input css-y572l6"][@autocomplete="username"]'.</msg>
<status status="PASS" starttime="20220915 23:20:01.663" endtime="20220915 23:20:07.957"/>
</kw>
<kw name="Sleep" library="BuiltIn">
<arg>5s</arg>
<doc>Pauses the test executed for the given time.</doc>
<msg timestamp="20220915 23:20:12.958" level="INFO">Slept 5 seconds</msg>
<status status="PASS" starttime="20220915 23:20:07.957" endtime="20220915 23:20:12.958"/>
</kw>
<kw name="Click Button" library="SeleniumLibrary">
<arg>//button[@class="chakra-button css-8h0nsd"]</arg>
<doc>Clicks the button identified by ``locator``.</doc>
<msg timestamp="20220915 23:20:12.959" level="INFO">Clicking button '//button[@class="chakra-button css-8h0nsd"]'.</msg>
<status status="PASS" starttime="20220915 23:20:12.958" endtime="20220915 23:20:23.078"/>
</kw>
<kw name="Sleep" library="BuiltIn">
<arg>5s</arg>
<doc>Pauses the test executed for the given time.</doc>
<msg timestamp="20220915 23:20:28.079" level="INFO">Slept 5 seconds</msg>
<status status="PASS" starttime="20220915 23:20:23.079" endtime="20220915 23:20:28.080"/>
</kw>
<kw name="Close Browser" library="SeleniumLibrary">
<doc>Closes the current browser.</doc>
<status status="PASS" starttime="20220915 23:20:28.080" endtime="20220915 23:20:30.139"/>
</kw>
<status status="PASS" starttime="20220915 23:19:42.952" endtime="20220915 23:20:30.140"/>
</test>
<test id="s1-t9" name="Register using empty username &amp; valid password" line="57">
<kw name="Comment" library="BuiltIn">
<arg>User should not be able to register using empty username &amp; valid password</arg>
<doc>Displays the given messages in the log file as keyword arguments.</doc>
<status status="PASS" starttime="20220915 23:20:30.141" endtime="20220915 23:20:30.142"/>
</kw>
<kw name="Open Browser" library="SeleniumLibrary">
<arg>https://testing-assessment-foh15kew9-edvora.vercel.app/</arg>
<arg>chrome</arg>
<doc>Opens a new browser instance to the optional ``url``.</doc>
<msg timestamp="20220915 23:20:30.143" level="INFO">Opening browser 'chrome' to base url 'https://testing-assessment-foh15kew9-edvora.vercel.app/'.</msg>
<status status="PASS" starttime="20220915 23:20:30.142" endtime="20220915 23:20:33.955"/>
</kw>
<kw name="Set Selenium Speed" library="SeleniumLibrary">
<arg>2 seconds</arg>
<doc>Sets the delay that is waited after each Selenium command.</doc>
<status status="PASS" starttime="20220915 23:20:33.956" endtime="20220915 23:20:33.956"/>
</kw>
<kw name="Click Button" library="SeleniumLibrary">
<arg>//button[@class="chakra-button css-d509a4"]</arg>
<doc>Clicks the button identified by ``locator``.</doc>
<msg timestamp="20220915 23:20:33.957" level="INFO">Clicking button '//button[@class="chakra-button css-d509a4"]'.</msg>
<status status="PASS" starttime="20220915 23:20:33.956" endtime="20220915 23:20:44.089"/>
</kw>
<kw name="Sleep" library="BuiltIn">
<arg>5s</arg>
<doc>Pauses the test executed for the given time.</doc>
<msg timestamp="20220915 23:20:49.090" level="INFO">Slept 5 seconds</msg>
<status status="PASS" starttime="20220915 23:20:44.089" endtime="20220915 23:20:49.090"/>
</kw>
<kw name="Input Password" library="SeleniumLibrary">
<arg>//input[@class="chakra-input css-y572l6"][@autocomplete="current-password"]</arg>
<arg>testp</arg>
<doc>Types the given password into the text field identified by ``locator``.</doc>
<msg timestamp="20220915 23:20:49.091" level="INFO">Typing password into text field '//input[@class="chakra-input css-y572l6"][@autocomplete="current-password"]'.</msg>
<msg timestamp="20220915 23:20:53.166" level="INFO">Temporally setting log level to: NONE</msg>
<msg timestamp="20220915 23:20:55.396" level="INFO">Log level changed from NONE to INFO.</msg>
<status status="PASS" starttime="20220915 23:20:49.090" endtime="20220915 23:20:55.396"/>
</kw>
<kw name="Sleep" library="BuiltIn">
<arg>5s</arg>
<doc>Pauses the test executed for the given time.</doc>
<msg timestamp="20220915 23:21:00.397" level="INFO">Slept 5 seconds</msg>
<status status="PASS" starttime="20220915 23:20:55.396" endtime="20220915 23:21:00.397"/>
</kw>
<kw name="Click Button" library="SeleniumLibrary">
<arg>//button[@class="chakra-button css-8h0nsd"]</arg>
<doc>Clicks the button identified by ``locator``.</doc>
<msg timestamp="20220915 23:21:00.398" level="INFO">Clicking button '//button[@class="chakra-button css-8h0nsd"]'.</msg>
<status status="PASS" starttime="20220915 23:21:00.397" endtime="20220915 23:21:10.520"/>
</kw>
<kw name="Sleep" library="BuiltIn">
<arg>5s</arg>
<doc>Pauses the test executed for the given time.</doc>
<msg timestamp="20220915 23:21:15.521" level="INFO">Slept 5 seconds</msg>
<status status="PASS" starttime="20220915 23:21:10.521" endtime="20220915 23:21:15.521"/>
</kw>
<kw name="Close Browser" library="SeleniumLibrary">
<doc>Closes the current browser.</doc>
<status status="PASS" starttime="20220915 23:21:15.522" endtime="20220915 23:21:17.580"/>
</kw>
<status status="PASS" starttime="20220915 23:20:30.140" endtime="20220915 23:21:17.581"/>
</test>
<test id="s1-t10" name="Register using empty username &amp; password" line="70">
<kw name="Comment" library="BuiltIn">
<arg>User Registration should not be successful without entering username &amp; password</arg>
<doc>Displays the given messages in the log file as keyword arguments.</doc>
<status status="PASS" starttime="20220915 23:21:17.583" endtime="20220915 23:21:17.583"/>
</kw>
<kw name="Open Browser" library="SeleniumLibrary">
<arg>https://testing-assessment-foh15kew9-edvora.vercel.app/</arg>
<arg>chrome</arg>
<doc>Opens a new browser instance to the optional ``url``.</doc>
<msg timestamp="20220915 23:21:17.584" level="INFO">Opening browser 'chrome' to base url 'https://testing-assessment-foh15kew9-edvora.vercel.app/'.</msg>
<status status="PASS" starttime="20220915 23:21:17.583" endtime="20220915 23:21:21.211"/>
</kw>
<kw name="Set Selenium Speed" library="SeleniumLibrary">
<arg>2 seconds</arg>
<doc>Sets the delay that is waited after each Selenium command.</doc>
<status status="PASS" starttime="20220915 23:21:21.212" endtime="20220915 23:21:21.212"/>
</kw>
<kw name="Click Button" library="SeleniumLibrary">
<arg>//button[@class="chakra-button css-d509a4"]</arg>
<doc>Clicks the button identified by ``locator``.</doc>
<msg timestamp="20220915 23:21:21.213" level="INFO">Clicking button '//button[@class="chakra-button css-d509a4"]'.</msg>
<status status="PASS" starttime="20220915 23:21:21.213" endtime="20220915 23:21:31.351"/>
</kw>
<kw name="Sleep" library="BuiltIn">
<arg>5s</arg>
<doc>Pauses the test executed for the given time.</doc>
<msg timestamp="20220915 23:21:36.352" level="INFO">Slept 5 seconds</msg>
<status status="PASS" starttime="20220915 23:21:31.351" endtime="20220915 23:21:36.352"/>
</kw>
<kw name="Click Button" library="SeleniumLibrary">
<arg>//button[@class="chakra-button css-8h0nsd"]</arg>
<doc>Clicks the button identified by ``locator``.</doc>
<msg timestamp="20220915 23:21:36.353" level="INFO">Clicking button '//button[@class="chakra-button css-8h0nsd"]'.</msg>
<status status="PASS" starttime="20220915 23:21:36.353" endtime="20220915 23:21:46.468"/>
</kw>
<kw name="Sleep" library="BuiltIn">
<arg>15s</arg>
<doc>Pauses the test executed for the given time.</doc>
<msg timestamp="20220915 23:22:01.469" level="INFO">Slept 15 seconds</msg>
<status status="PASS" starttime="20220915 23:21:46.468" endtime="20220915 23:22:01.469"/>
</kw>
<kw name="Capture Page Screenshot" library="SeleniumLibrary">
<arg>${OUTPUT_DIR}/empty-credential-registration.png</arg>
<doc>Takes a screenshot of the current page and embeds it into a log file.</doc>
<msg timestamp="20220915 23:22:03.598" level="INFO" html="true">&lt;/td&gt;&lt;/tr&gt;&lt;tr&gt;&lt;td colspan="3"&gt;&lt;a href="empty-credential-registration.png"&gt;&lt;img src="empty-credential-registration.png" width="800px"&gt;&lt;/a&gt;</msg>
<status status="PASS" starttime="20220915 23:22:01.470" endtime="20220915 23:22:03.598"/>
</kw>
<status status="PASS" starttime="20220915 23:21:17.582" endtime="20220915 23:22:03.598"/>
</test>
<status status="PASS" starttime="20220915 23:18:24.604" endtime="20220915 23:22:03.600"/>
</suite>
<statistics>
<total>
<stat pass="10" fail="0" skip="0">All Tests</stat>
</total>
<tag>
</tag>
<suite>
<stat pass="10" fail="0" skip="0" id="s1" name="Edvora-Register-Test">Edvora-Register-Test</stat>
</suite>
</statistics>
<errors>
</errors>
</robot>
