<?xml version="1.0" encoding="UTF-8"?>
<robot generator="Robot 5.0.1 (Python 3.10.6 on linux)" generated="20220915 23:28:39.894" rpa="false" schemaversion="3">
<suite id="s1" name="Edvora-Profile-Test" source="/home/lelouch/Documents/neogcamp/EdvoraAutomationTest/edvora-profile-test.robot">
<test id="s1-t1" name="Open Edvora Login Page" line="7">
<kw name="Comment" library="BuiltIn">
<arg>Chrome should open up with Gmail website</arg>
<doc>Displays the given messages in the log file as keyword arguments.</doc>
<status status="PASS" starttime="20220915 23:28:40.154" endtime="20220915 23:28:40.155"/>
</kw>
<kw name="Open Browser" library="SeleniumLibrary">
<arg>https://testing-assessment-foh15kew9-edvora.vercel.app/</arg>
<arg>chrome</arg>
<doc>Opens a new browser instance to the optional ``url``.</doc>
<msg timestamp="20220915 23:28:40.155" level="INFO">Opening browser 'chrome' to base url 'https://testing-assessment-foh15kew9-edvora.vercel.app/'.</msg>
<status status="PASS" starttime="20220915 23:28:40.155" endtime="20220915 23:28:41.269"/>
</kw>
<kw name="Set Selenium Speed" library="SeleniumLibrary">
<arg>2 seconds</arg>
<doc>Sets the delay that is waited after each Selenium command.</doc>
<status status="PASS" starttime="20220915 23:28:41.269" endtime="20220915 23:28:41.270"/>
</kw>
<kw name="Delete All Cookies" library="SeleniumLibrary">
<doc>Deletes all cookies.</doc>
<status status="PASS" starttime="20220915 23:28:41.270" endtime="20220915 23:28:43.279"/>
</kw>
<status status="PASS" starttime="20220915 23:28:40.153" endtime="20220915 23:28:43.279"/>
</test>
<test id="s1-t2" name="Validate Username entry Field" line="13">
<kw name="Comment" library="BuiltIn">
<arg>User should be able to enter their username</arg>
<doc>Displays the given messages in the log file as keyword arguments.</doc>
<status status="PASS" starttime="20220915 23:28:43.281" endtime="20220915 23:28:43.281"/>
</kw>
<kw name="Click Element" library="SeleniumLibrary">
<arg>//div[@class="chakra-input__group css-b61uh7"]</arg>
<doc>Click the element identified by ``locator``.</doc>
<msg timestamp="20220915 23:28:43.282" level="INFO">Clicking element '//div[@class="chakra-input__group css-b61uh7"]'.</msg>
<status status="PASS" starttime="20220915 23:28:43.281" endtime="20220915 23:28:47.379"/>
</kw>
<kw name="Page Should Contain Element" library="SeleniumLibrary">
<arg>//input[@class="chakra-input css-y572l6"][@autocomplete="username"]</arg>
<doc>Verifies that element ``locator`` is found on the current page.</doc>
<msg timestamp="20220915 23:28:49.402" level="INFO">Current page contains element '//input[@class="chakra-input css-y572l6"][@autocomplete="username"]'.</msg>
<status status="PASS" starttime="20220915 23:28:47.380" endtime="20220915 23:28:49.402"/>
</kw>
<kw name="Input Text" library="SeleniumLibrary">
<arg>//input[@class="chakra-input css-y572l6"][@autocomplete="username"]</arg>
<arg>testa</arg>
<doc>Types the given ``text`` into the text field identified by ``locator``.</doc>
<msg timestamp="20220915 23:28:49.403" level="INFO">Typing text 'testa' into text field '//input[@class="chakra-input css-y572l6"][@autocomplete="username"]'.</msg>
<status status="PASS" starttime="20220915 23:28:49.403" endtime="20220915 23:28:55.559"/>
</kw>
<status status="PASS" starttime="20220915 23:28:43.280" endtime="20220915 23:28:55.560"/>
</test>
<test id="s1-t3" name="Validate password field" line="19">
<kw name="Comment" library="BuiltIn">
<arg>User should be able to enter password in the password field</arg>
<doc>Displays the given messages in the log file as keyword arguments.</doc>
<status status="PASS" starttime="20220915 23:28:55.561" endtime="20220915 23:28:55.562"/>
</kw>
<kw name="Page Should Contain Element" library="SeleniumLibrary">
<arg>//input[@class="chakra-input css-y572l6"][@autocomplete="current-password"]</arg>
<doc>Verifies that element ``locator`` is found on the current page.</doc>
<msg timestamp="20220915 23:28:57.588" level="INFO">Current page contains element '//input[@class="chakra-input css-y572l6"][@autocomplete="current-password"]'.</msg>
<status status="PASS" starttime="20220915 23:28:55.562" endtime="20220915 23:28:57.588"/>
</kw>
<kw name="Input Password" library="SeleniumLibrary">
<arg>//input[@class="chakra-input css-y572l6"][@autocomplete="current-password"]</arg>
<arg>testp</arg>
<doc>Types the given password into the text field identified by ``locator``.</doc>
<msg timestamp="20220915 23:28:57.589" level="INFO">Typing password into text field '//input[@class="chakra-input css-y572l6"][@autocomplete="current-password"]'.</msg>
<msg timestamp="20220915 23:29:01.651" level="INFO">Temporally setting log level to: NONE</msg>
<msg timestamp="20220915 23:29:03.859" level="INFO">Log level changed from NONE to INFO.</msg>
<status status="PASS" starttime="20220915 23:28:57.588" endtime="20220915 23:29:03.859"/>
</kw>
<status status="PASS" starttime="20220915 23:28:55.561" endtime="20220915 23:29:03.860"/>
</test>
<test id="s1-t4" name="Verify the Login Button is present" line="25">
<kw name="Comment" library="BuiltIn">
<arg>User should be able to find the Login Button</arg>
<doc>Displays the given messages in the log file as keyword arguments.</doc>
<status status="PASS" starttime="20220915 23:29:03.861" endtime="20220915 23:29:03.862"/>
</kw>
<kw name="Page Should Contain Element" library="SeleniumLibrary">
<arg>//button[@class="chakra-button css-8h0nsd"]</arg>
<doc>Verifies that element ``locator`` is found on the current page.</doc>
<msg timestamp="20220915 23:29:05.885" level="INFO">Current page contains element '//button[@class="chakra-button css-8h0nsd"]'.</msg>
<status status="PASS" starttime="20220915 23:29:03.862" endtime="20220915 23:29:05.886"/>
</kw>
<status status="PASS" starttime="20220915 23:29:03.861" endtime="20220915 23:29:05.886"/>
</test>
<test id="s1-t5" name="Login Button should be clickable" line="29">
<kw name="Comment" library="BuiltIn">
<arg>User should be able to click login button after submitting username &amp; Password and be logged in</arg>
<doc>Displays the given messages in the log file as keyword arguments.</doc>
<status status="PASS" starttime="20220915 23:29:05.888" endtime="20220915 23:29:05.888"/>
</kw>
<kw name="Click Button" library="SeleniumLibrary">
<arg>//button[@class="chakra-button css-8h0nsd"]</arg>
<doc>Clicks the button identified by ``locator``.</doc>
<msg timestamp="20220915 23:29:05.889" level="INFO">Clicking button '//button[@class="chakra-button css-8h0nsd"]'.</msg>
<status status="PASS" starttime="20220915 23:29:05.888" endtime="20220915 23:29:16.006"/>
</kw>
<status status="PASS" starttime="20220915 23:29:05.887" endtime="20220915 23:29:16.006"/>
</test>
<test id="s1-t6" name="Profile Settings Page should be opened" line="33">
<kw name="Comment" library="BuiltIn">
<arg>User should be in the profile settings page containing Personal info, Security &amp; services Section</arg>
<doc>Displays the given messages in the log file as keyword arguments.</doc>
<status status="PASS" starttime="20220915 23:29:16.008" endtime="20220915 23:29:16.008"/>
</kw>
<kw name="Set Selenium Implicit Wait" library="SeleniumLibrary">
<arg>2 seconds</arg>
<doc>Sets the implicit wait value used by Selenium.</doc>
<status status="PASS" starttime="20220915 23:29:16.009" endtime="20220915 23:29:18.013"/>
</kw>
<kw name="Page Should Contain Element" library="SeleniumLibrary">
<arg>xpath://*[@id="__next"]/div/main/div/div[1]/div[2]</arg>
<doc>Verifies that element ``locator`` is found on the current page.</doc>
<msg timestamp="20220915 23:29:20.036" level="INFO">Current page contains element 'xpath://*[@id="__next"]/div/main/div/div[1]/div[2]'.</msg>
<status status="PASS" starttime="20220915 23:29:18.013" endtime="20220915 23:29:20.036"/>
</kw>
<kw name="Capture Element Screenshot" library="SeleniumLibrary">
<arg>xpath://*[@id="__next"]/div/main/div/div[1]/div[2]</arg>
<doc>Captures a screenshot from the element identified by ``locator`` and embeds it into log file.</doc>
<msg timestamp="20220915 23:29:24.176" level="INFO" html="true">&lt;/td&gt;&lt;/tr&gt;&lt;tr&gt;&lt;td colspan="3"&gt;&lt;a href="selenium-element-screenshot-1.png"&gt;&lt;img src="selenium-element-screenshot-1.png" width="400px"&gt;&lt;/a&gt;</msg>
<status status="PASS" starttime="20220915 23:29:20.037" endtime="20220915 23:29:24.176"/>
</kw>
<kw name="Page Should Contain Element" library="SeleniumLibrary">
<arg>xpath://*[@id="__next"]/div/main/div/div[2]/div[2]</arg>
<doc>Verifies that element ``locator`` is found on the current page.</doc>
<msg timestamp="20220915 23:29:26.200" level="INFO">Current page contains element 'xpath://*[@id="__next"]/div/main/div/div[2]/div[2]'.</msg>
<status status="PASS" starttime="20220915 23:29:24.177" endtime="20220915 23:29:26.201"/>
</kw>
<kw name="Capture Element Screenshot" library="SeleniumLibrary">
<arg>xpath://*[@id="__next"]/div/main/div/div[2]/div[2]</arg>
<doc>Captures a screenshot from the element identified by ``locator`` and embeds it into log file.</doc>
<msg timestamp="20220915 23:29:30.286" level="INFO" html="true">&lt;/td&gt;&lt;/tr&gt;&lt;tr&gt;&lt;td colspan="3"&gt;&lt;a href="selenium-element-screenshot-2.png"&gt;&lt;img src="selenium-element-screenshot-2.png" width="400px"&gt;&lt;/a&gt;</msg>
<status status="PASS" starttime="20220915 23:29:26.201" endtime="20220915 23:29:30.286"/>
</kw>
<status status="PASS" starttime="20220915 23:29:16.007" endtime="20220915 23:29:30.287"/>
</test>
<test id="s1-t7" name="Personal Info Edit button should be functional" line="46">
<kw name="Comment" library="BuiltIn">
<arg>User should be able to Edit Personal Info by clicking Edit Button</arg>
<doc>Displays the given messages in the log file as keyword arguments.</doc>
<status status="PASS" starttime="20220915 23:29:30.289" endtime="20220915 23:29:30.289"/>
</kw>
<kw name="Set Selenium Implicit Wait" library="SeleniumLibrary">
<arg>2 seconds</arg>
<doc>Sets the implicit wait value used by Selenium.</doc>
<status status="PASS" starttime="20220915 23:29:30.290" endtime="20220915 23:29:32.293"/>
</kw>
<kw name="Click Button" library="SeleniumLibrary">
<arg>//button[@class="chakra-button css-1mh6pc0"]</arg>
<doc>Clicks the button identified by ``locator``.</doc>
<msg timestamp="20220915 23:29:32.295" level="INFO">Clicking button '//button[@class="chakra-button css-1mh6pc0"]'.</msg>
<status status="PASS" starttime="20220915 23:29:32.294" endtime="20220915 23:29:50.474"/>
</kw>
<status status="PASS" starttime="20220915 23:29:30.288" endtime="20220915 23:29:50.474"/>
</test>
<test id="s1-t8" name="Personal Info-Validate Full Name Input" line="51">
<kw name="Comment" library="BuiltIn">
<arg>User should be able to enter their Full Name in the input field</arg>
<doc>Displays the given messages in the log file as keyword arguments.</doc>
<status status="PASS" starttime="20220915 23:29:50.476" endtime="20220915 23:29:50.476"/>
</kw>
<kw name="Set Selenium Implicit Wait" library="SeleniumLibrary">
<arg>2 seconds</arg>
<doc>Sets the implicit wait value used by Selenium.</doc>
<status status="PASS" starttime="20220915 23:29:50.477" endtime="20220915 23:29:52.479"/>
</kw>
<kw name="Click Element" library="SeleniumLibrary">
<arg>//input[@class="chakra-input css-zkkb9l"][@autocomplete="name"]</arg>
<doc>Click the element identified by ``locator``.</doc>
<msg timestamp="20220915 23:29:52.480" level="INFO">Clicking element '//input[@class="chakra-input css-zkkb9l"][@autocomplete="name"]'.</msg>
<status status="PASS" starttime="20220915 23:29:52.480" endtime="20220915 23:29:56.578"/>
</kw>
<kw name="Press Keys" library="SeleniumLibrary">
<arg>//input[@class="chakra-input css-zkkb9l"][@autocomplete="name"]</arg>
<arg>CTRL+a+BACKSPACE</arg>
<doc>Simulates the user pressing key(s) to an element or on the active browser.</doc>
<msg timestamp="20220915 23:29:56.579" level="INFO">Sending key(s) ('CTRL+a+BACKSPACE',) to //input[@class="chakra-input css-zkkb9l"][@autocomplete="name"] element.</msg>
<msg timestamp="20220915 23:30:00.868" level="INFO">Pressing special key CONTROL down.</msg>
<msg timestamp="20220915 23:30:00.868" level="INFO">Sending key a</msg>
<msg timestamp="20220915 23:30:00.868" level="INFO">Pressing special key BACKSPACE down.</msg>
<msg timestamp="20220915 23:30:00.868" level="INFO">Releasing special key CONTROL.</msg>
<msg timestamp="20220915 23:30:00.868" level="INFO">Releasing special key BACKSPACE.</msg>
<status status="PASS" starttime="20220915 23:29:56.579" endtime="20220915 23:30:02.915"/>
</kw>
<kw name="Input Text" library="SeleniumLibrary">
<arg>//input[@class="chakra-input css-zkkb9l"][@autocomplete="name"]</arg>
<arg>John Doe</arg>
<doc>Types the given ``text`` into the text field identified by ``locator``.</doc>
<msg timestamp="20220915 23:30:02.916" level="INFO">Typing text 'John Doe' into text field '//input[@class="chakra-input css-zkkb9l"][@autocomplete="name"]'.</msg>
<status status="PASS" starttime="20220915 23:30:02.915" endtime="20220915 23:30:09.185"/>
</kw>
<status status="PASS" starttime="20220915 23:29:50.475" endtime="20220915 23:30:09.185"/>
</test>
<test id="s1-t9" name="Personal Info-Validate Date of Birth Field" line="58">
<kw name="Comment" library="BuiltIn">
<arg>User should be able to enter their Birthdate in mm/dd/yyyy format</arg>
<doc>Displays the given messages in the log file as keyword arguments.</doc>
<status status="PASS" starttime="20220915 23:30:09.187" endtime="20220915 23:30:09.187"/>
</kw>
<kw name="Set Selenium Implicit Wait" library="SeleniumLibrary">
<arg>2 seconds</arg>
<doc>Sets the implicit wait value used by Selenium.</doc>
<status status="PASS" starttime="20220915 23:30:09.188" endtime="20220915 23:30:11.192"/>
</kw>
<kw name="Click Element" library="SeleniumLibrary">
<arg>//input[@class="chakra-input css-yxvhn"][@type="date"][@name="dateOfBirth"]</arg>
<doc>Click the element identified by ``locator``.</doc>
<msg timestamp="20220915 23:30:11.193" level="INFO">Clicking element '//input[@class="chakra-input css-yxvhn"][@type="date"][@name="dateOfBirth"]'.</msg>
<status status="PASS" starttime="20220915 23:30:11.193" endtime="20220915 23:30:15.280"/>
</kw>
<kw name="Input Text" library="SeleniumLibrary">
<arg>//input[@class="chakra-input css-yxvhn"][@type="date"][@name="dateOfBirth"]</arg>
<arg>011221990</arg>
<doc>Types the given ``text`` into the text field identified by ``locator``.</doc>
<msg timestamp="20220915 23:30:15.281" level="INFO">Typing text '011221990' into text field '//input[@class="chakra-input css-yxvhn"][@type="date"][@name="dateOfBirth"]'.</msg>
<status status="PASS" starttime="20220915 23:30:15.281" endtime="20220915 23:30:21.552"/>
</kw>
<status status="PASS" starttime="20220915 23:30:09.186" endtime="20220915 23:30:21.553"/>
</test>
<test id="s1-t10" name="Personal Info- Date of Birth should be under 09/15/2022" line="64">
<kw name="Comment" library="BuiltIn">
<arg>User should not be able to enter D.O.B more than 09/15/2022</arg>
<doc>Displays the given messages in the log file as keyword arguments.</doc>
<status status="PASS" starttime="20220915 23:30:21.554" endtime="20220915 23:30:21.555"/>
</kw>
<kw name="Set Selenium Implicit Wait" library="SeleniumLibrary">
<arg>2 seconds</arg>
<doc>Sets the implicit wait value used by Selenium.</doc>
<status status="PASS" starttime="20220915 23:30:21.555" endtime="20220915 23:30:23.560"/>
</kw>
<kw name="Click Element" library="SeleniumLibrary">
<arg>//input[@class="chakra-input css-yxvhn"][@type="date"][@name="dateOfBirth"]</arg>
<doc>Click the element identified by ``locator``.</doc>
<msg timestamp="20220915 23:30:23.561" level="INFO">Clicking element '//input[@class="chakra-input css-yxvhn"][@type="date"][@name="dateOfBirth"]'.</msg>
<status status="PASS" starttime="20220915 23:30:23.560" endtime="20220915 23:30:27.613"/>
</kw>
<kw name="Input Text" library="SeleniumLibrary">
<arg>//input[@class="chakra-input css-yxvhn"][@type="date"][@name="dateOfBirth"]</arg>
<arg>009162022</arg>
<doc>Types the given ``text`` into the text field identified by ``locator``.</doc>
<msg timestamp="20220915 23:30:27.614" level="INFO">Typing text '009162022' into text field '//input[@class="chakra-input css-yxvhn"][@type="date"][@name="dateOfBirth"]'.</msg>
<status status="PASS" starttime="20220915 23:30:27.614" endtime="20220915 23:30:33.837"/>
</kw>
<kw name="Fail" library="BuiltIn">
<arg>msg=The Date of Birth takes value greater than 09/15/2022</arg>
<doc>Fails the test with the given message and optionally alters its tags.</doc>
<msg timestamp="20220915 23:30:33.839" level="FAIL">The Date of Birth takes value greater than 09/15/2022</msg>
<status status="FAIL" starttime="20220915 23:30:33.838" endtime="20220915 23:30:33.839"/>
</kw>
<status status="FAIL" starttime="20220915 23:30:21.553" endtime="20220915 23:30:33.841">The Date of Birth takes value greater than 09/15/2022</status>
</test>
<test id="s1-t11" name="Personal Info- Mobile Number input field should not accept alphabets" line="71">
<kw name="Comment" library="BuiltIn">
<arg>User should not be able to enter alphabets in mobile Number input field</arg>
<doc>Displays the given messages in the log file as keyword arguments.</doc>
<status status="PASS" starttime="20220915 23:30:33.843" endtime="20220915 23:30:33.843"/>
</kw>
<kw name="Set Selenium Implicit Wait" library="SeleniumLibrary">
<arg>2 seconds</arg>
<doc>Sets the implicit wait value used by Selenium.</doc>
<status status="PASS" starttime="20220915 23:30:33.843" endtime="20220915 23:30:35.848"/>
</kw>
<kw name="Click Element" library="SeleniumLibrary">
<arg>//input[@class="chakra-input css-zkkb9l"][@type="tel"][@name="mobileNumber"]</arg>
<doc>Click the element identified by ``locator``.</doc>
<msg timestamp="20220915 23:30:35.849" level="INFO">Clicking element '//input[@class="chakra-input css-zkkb9l"][@type="tel"][@name="mobileNumber"]'.</msg>
<status status="PASS" starttime="20220915 23:30:35.848" endtime="20220915 23:30:39.953"/>
</kw>
<kw name="Press Keys" library="SeleniumLibrary">
<arg>//input[@class="chakra-input css-zkkb9l"][@type="tel"][@name="mobileNumber"]</arg>
<arg>CTRL+a+BACKSPACE</arg>
<doc>Simulates the user pressing key(s) to an element or on the active browser.</doc>
<msg timestamp="20220915 23:30:39.955" level="INFO">Sending key(s) ('CTRL+a+BACKSPACE',) to //input[@class="chakra-input css-zkkb9l"][@type="tel"][@name="mobileNumber"] element.</msg>
<msg timestamp="20220915 23:30:44.241" level="INFO">Pressing special key CONTROL down.</msg>
<msg timestamp="20220915 23:30:44.241" level="INFO">Sending key a</msg>
<msg timestamp="20220915 23:30:44.241" level="INFO">Pressing special key BACKSPACE down.</msg>
<msg timestamp="20220915 23:30:44.241" level="INFO">Releasing special key CONTROL.</msg>
<msg timestamp="20220915 23:30:44.241" level="INFO">Releasing special key BACKSPACE.</msg>
<status status="PASS" starttime="20220915 23:30:39.954" endtime="20220915 23:30:46.278"/>
</kw>
<kw name="Input Text" library="SeleniumLibrary">
<arg>//input[@class="chakra-input css-zkkb9l"][@type="tel"][@name="mobileNumber"]</arg>
<arg>asdwasdwwasd</arg>
<doc>Types the given ``text`` into the text field identified by ``locator``.</doc>
<msg timestamp="20220915 23:30:46.279" level="INFO">Typing text 'asdwasdwwasd' into text field '//input[@class="chakra-input css-zkkb9l"][@type="tel"][@name="mobileNumber"]'.</msg>
<status status="PASS" starttime="20220915 23:30:46.278" endtime="20220915 23:30:52.571"/>
</kw>
<kw name="Fail" library="BuiltIn">
<arg>msg=Alphabets are accepted in the Mobile number field.</arg>
<doc>Fails the test with the given message and optionally alters its tags.</doc>
<msg timestamp="20220915 23:30:52.572" level="FAIL">Alphabets are accepted in the Mobile number field.</msg>
<status status="FAIL" starttime="20220915 23:30:52.572" endtime="20220915 23:30:52.573"/>
</kw>
<status status="FAIL" starttime="20220915 23:30:33.841" endtime="20220915 23:30:52.574">Alphabets are accepted in the Mobile number field.</status>
</test>
<test id="s1-t12" name="Personal Info- Validate Mobile Number input Field" line="79">
<kw name="Comment" library="BuiltIn">
<arg>User should be able to enter their mobile Number</arg>
<doc>Displays the given messages in the log file as keyword arguments.</doc>
<status status="PASS" starttime="20220915 23:30:52.576" endtime="20220915 23:30:52.576"/>
</kw>
<kw name="Set Selenium Implicit Wait" library="SeleniumLibrary">
<arg>2 seconds</arg>
<doc>Sets the implicit wait value used by Selenium.</doc>
<status status="PASS" starttime="20220915 23:30:52.576" endtime="20220915 23:30:54.581"/>
</kw>
<kw name="Click Element" library="SeleniumLibrary">
<arg>//input[@class="chakra-input css-zkkb9l"][@type="tel"][@name="mobileNumber"]</arg>
<doc>Click the element identified by ``locator``.</doc>
<msg timestamp="20220915 23:30:54.582" level="INFO">Clicking element '//input[@class="chakra-input css-zkkb9l"][@type="tel"][@name="mobileNumber"]'.</msg>
<status status="PASS" starttime="20220915 23:30:54.582" endtime="20220915 23:30:58.637"/>
</kw>
<kw name="Press Keys" library="SeleniumLibrary">
<arg>//input[@class="chakra-input css-zkkb9l"][@type="tel"][@name="mobileNumber"]</arg>
<arg>CTRL+a+BACKSPACE</arg>
<doc>Simulates the user pressing key(s) to an element or on the active browser.</doc>
<msg timestamp="20220915 23:30:58.638" level="INFO">Sending key(s) ('CTRL+a+BACKSPACE',) to //input[@class="chakra-input css-zkkb9l"][@type="tel"][@name="mobileNumber"] element.</msg>
<msg timestamp="20220915 23:31:02.923" level="INFO">Pressing special key CONTROL down.</msg>
<msg timestamp="20220915 23:31:02.923" level="INFO">Sending key a</msg>
<msg timestamp="20220915 23:31:02.923" level="INFO">Pressing special key BACKSPACE down.</msg>
<msg timestamp="20220915 23:31:02.923" level="INFO">Releasing special key CONTROL.</msg>
<msg timestamp="20220915 23:31:02.923" level="INFO">Releasing special key BACKSPACE.</msg>
<status status="PASS" starttime="20220915 23:30:58.637" endtime="20220915 23:31:04.965"/>
</kw>
<kw name="Input Text" library="SeleniumLibrary">
<arg>//input[@class="chakra-input css-zkkb9l"][@type="tel"][@name="mobileNumber"]</arg>
<arg>9090909090</arg>
<doc>Types the given ``text`` into the text field identified by ``locator``.</doc>
<msg timestamp="20220915 23:31:04.966" level="INFO">Typing text '9090909090' into text field '//input[@class="chakra-input css-zkkb9l"][@type="tel"][@name="mobileNumber"]'.</msg>
<status status="PASS" starttime="20220915 23:31:04.965" endtime="20220915 23:31:11.224"/>
</kw>
<status status="PASS" starttime="20220915 23:30:52.575" endtime="20220915 23:31:11.224"/>
</test>
<test id="s1-t13" name="Personal Info- Validate Gender field" line="86">
<kw name="Comment" library="BuiltIn">
<arg>User should be able to select their gender as desired,upon clicking the arrow button: "men", "women" &amp; "other" option should be present</arg>
<doc>Displays the given messages in the log file as keyword arguments.</doc>
<status status="PASS" starttime="20220915 23:31:11.226" endtime="20220915 23:31:11.226"/>
</kw>
<kw name="Set Selenium Implicit Wait" library="SeleniumLibrary">
<arg>2 seconds</arg>
<doc>Sets the implicit wait value used by Selenium.</doc>
<status status="PASS" starttime="20220915 23:31:11.227" endtime="20220915 23:31:13.231"/>
</kw>
<kw name="Click Element" library="SeleniumLibrary">
<arg>//select[@class="chakra-select css-ibs81u"]</arg>
<doc>Click the element identified by ``locator``.</doc>
<msg timestamp="20220915 23:31:13.232" level="INFO">Clicking element '//select[@class="chakra-select css-ibs81u"]'.</msg>
<status status="PASS" starttime="20220915 23:31:13.232" endtime="20220915 23:31:17.333"/>
</kw>
<kw name="Capture Element Screenshot" library="SeleniumLibrary">
<arg>//select[@class="chakra-select css-ibs81u"]</arg>
<doc>Captures a screenshot from the element identified by ``locator`` and embeds it into log file.</doc>
<msg timestamp="20220915 23:31:21.438" level="INFO" html="true">&lt;/td&gt;&lt;/tr&gt;&lt;tr&gt;&lt;td colspan="3"&gt;&lt;a href="selenium-element-screenshot-3.png"&gt;&lt;img src="selenium-element-screenshot-3.png" width="400px"&gt;&lt;/a&gt;</msg>
<status status="PASS" starttime="20220915 23:31:17.333" endtime="20220915 23:31:21.438"/>
</kw>
<status status="PASS" starttime="20220915 23:31:11.225" endtime="20220915 23:31:21.438"/>
</test>
<test id="s1-t14" name="Personal Info- Select Male Gender field" line="93">
<kw name="Comment" library="BuiltIn">
<arg>User should be able to select their gender as desired,upon clicking the arrow button: "men", "women" &amp; "other" option should be present</arg>
<doc>Displays the given messages in the log file as keyword arguments.</doc>
<status status="PASS" starttime="20220915 23:31:21.441" endtime="20220915 23:31:21.441"/>
</kw>
<kw name="Set Selenium Implicit Wait" library="SeleniumLibrary">
<arg>2 seconds</arg>
<doc>Sets the implicit wait value used by Selenium.</doc>
<status status="PASS" starttime="20220915 23:31:21.441" endtime="20220915 23:31:23.446"/>
</kw>
<kw name="Click Element" library="SeleniumLibrary">
<arg>//select[@class="chakra-select css-ibs81u"]</arg>
<doc>Click the element identified by ``locator``.</doc>
<msg timestamp="20220915 23:31:23.447" level="INFO">Clicking element '//select[@class="chakra-select css-ibs81u"]'.</msg>
<status status="PASS" starttime="20220915 23:31:23.447" endtime="20220915 23:31:27.515"/>
</kw>
<kw name="Click Element" library="SeleniumLibrary">
<arg>//option[@value="male"]</arg>
<doc>Click the element identified by ``locator``.</doc>
<msg timestamp="20220915 23:31:27.516" level="INFO">Clicking element '//option[@value="male"]'.</msg>
<status status="PASS" starttime="20220915 23:31:27.516" endtime="20220915 23:31:31.574"/>
</kw>
<status status="PASS" starttime="20220915 23:31:21.439" endtime="20220915 23:31:31.575"/>
</test>
<test id="s1-t15" name="Personal Info- Validate Address Field" line="99">
<kw name="Comment" library="BuiltIn">
<arg>User should be able to enter their address in the address input field</arg>
<doc>Displays the given messages in the log file as keyword arguments.</doc>
<status status="PASS" starttime="20220915 23:31:31.576" endtime="20220915 23:31:31.577"/>
</kw>
<kw name="Set Selenium Implicit Wait" library="SeleniumLibrary">
<arg>2 seconds</arg>
<doc>Sets the implicit wait value used by Selenium.</doc>
<status status="PASS" starttime="20220915 23:31:31.577" endtime="20220915 23:31:33.582"/>
</kw>
<kw name="Click Element" library="SeleniumLibrary">
<arg>//input[@class="chakra-input css-zkkb9l"][@name="address"]</arg>
<doc>Click the element identified by ``locator``.</doc>
<msg timestamp="20220915 23:31:33.582" level="INFO">Clicking element '//input[@class="chakra-input css-zkkb9l"][@name="address"]'.</msg>
<status status="PASS" starttime="20220915 23:31:33.582" endtime="20220915 23:31:37.694"/>
</kw>
<kw name="Press Keys" library="SeleniumLibrary">
<arg>//input[@class="chakra-input css-zkkb9l"][@name="address"]</arg>
<arg>CTRL+a+BACKSPACE</arg>
<doc>Simulates the user pressing key(s) to an element or on the active browser.</doc>
<msg timestamp="20220915 23:31:37.696" level="INFO">Sending key(s) ('CTRL+a+BACKSPACE',) to //input[@class="chakra-input css-zkkb9l"][@name="address"] element.</msg>
<msg timestamp="20220915 23:31:41.986" level="INFO">Pressing special key CONTROL down.</msg>
<msg timestamp="20220915 23:31:41.986" level="INFO">Sending key a</msg>
<msg timestamp="20220915 23:31:41.986" level="INFO">Pressing special key BACKSPACE down.</msg>
<msg timestamp="20220915 23:31:41.986" level="INFO">Releasing special key CONTROL.</msg>
<msg timestamp="20220915 23:31:41.986" level="INFO">Releasing special key BACKSPACE.</msg>
<status status="PASS" starttime="20220915 23:31:37.695" endtime="20220915 23:31:44.032"/>
</kw>
<kw name="Input Text" library="SeleniumLibrary">
<arg>//input[@class="chakra-input css-zkkb9l"][@name="address"]</arg>
<arg>420 Forest Hill Drive</arg>
<doc>Types the given ``text`` into the text field identified by ``locator``.</doc>
<msg timestamp="20220915 23:31:44.033" level="INFO">Typing text '420 Forest Hill Drive' into text field '//input[@class="chakra-input css-zkkb9l"][@name="address"]'.</msg>
<status status="PASS" starttime="20220915 23:31:44.032" endtime="20220915 23:31:50.472"/>
</kw>
<status status="PASS" starttime="20220915 23:31:31.576" endtime="20220915 23:31:50.472"/>
</test>
<test id="s1-t16" name="Security Section- Validate change password field" line="123">
<kw name="Comment" library="BuiltIn">
<arg>User should be able to enter new password in new password input field</arg>
<doc>Displays the given messages in the log file as keyword arguments.</doc>
<status status="PASS" starttime="20220915 23:31:50.474" endtime="20220915 23:31:50.474"/>
</kw>
<kw name="Set Selenium Implicit Wait" library="SeleniumLibrary">
<arg>2 seconds</arg>
<doc>Sets the implicit wait value used by Selenium.</doc>
<status status="PASS" starttime="20220915 23:31:50.475" endtime="20220915 23:31:52.480"/>
</kw>
<kw name="Input Password" library="SeleniumLibrary">
<arg>//input[@class="chakra-input css-zkkb9l"][@name="Password"]</arg>
<arg>testp2</arg>
<doc>Types the given password into the text field identified by ``locator``.</doc>
<msg timestamp="20220915 23:31:52.481" level="INFO">Typing password into text field '//input[@class="chakra-input css-zkkb9l"][@name="Password"]'.</msg>
<msg timestamp="20220915 23:31:56.557" level="INFO">Temporally setting log level to: NONE</msg>
<msg timestamp="20220915 23:31:58.773" level="INFO">Log level changed from NONE to INFO.</msg>
<status status="PASS" starttime="20220915 23:31:52.480" endtime="20220915 23:31:58.773"/>
</kw>
<status status="PASS" starttime="20220915 23:31:50.473" endtime="20220915 23:31:58.773"/>
</test>
<test id="s1-t17" name="Validate Logout Button" line="129">
<kw name="Comment" library="BuiltIn">
<arg>User should be able to click logout button and logoff</arg>
<doc>Displays the given messages in the log file as keyword arguments.</doc>
<status status="PASS" starttime="20220915 23:31:58.775" endtime="20220915 23:31:58.775"/>
</kw>
<kw name="Set Selenium Implicit Wait" library="SeleniumLibrary">
<arg>2 seconds</arg>
<doc>Sets the implicit wait value used by Selenium.</doc>
<status status="PASS" starttime="20220915 23:31:58.775" endtime="20220915 23:32:00.779"/>
</kw>
<kw name="Click Element" library="SeleniumLibrary">
<arg>xpath://*[@id="__next"]/div/main/div/div[3]/div[2]/div[2]/button</arg>
<doc>Click the element identified by ``locator``.</doc>
<msg timestamp="20220915 23:32:00.780" level="INFO">Clicking element 'xpath://*[@id="__next"]/div/main/div/div[3]/div[2]/div[2]/button'.</msg>
<status status="PASS" starttime="20220915 23:32:00.780" endtime="20220915 23:32:04.886"/>
</kw>
<status status="PASS" starttime="20220915 23:31:58.774" endtime="20220915 23:32:04.886"/>
</test>
<status status="FAIL" starttime="20220915 23:28:39.896" endtime="20220915 23:32:04.888"/>
</suite>
<statistics>
<total>
<stat pass="15" fail="2" skip="0">All Tests</stat>
</total>
<tag>
</tag>
<suite>
<stat pass="15" fail="2" skip="0" id="s1" name="Edvora-Profile-Test">Edvora-Profile-Test</stat>
</suite>
</statistics>
<errors>
</errors>
</robot>
